0 verbose cli F:\Application\nodejs\node.exe F:\Application\nvm\v21.7.1\node_modules\npm\bin\npm-cli.js
1 info using npm@10.5.0
2 info using node@v21.7.1
3 timing npm:load:whichnode Completed in 2ms
4 timing config:load:defaults Completed in 1ms
5 timing config:load:file:F:\Application\nvm\v21.7.1\node_modules\npm\npmrc Completed in 2ms
6 timing config:load:builtin Completed in 2ms
7 timing config:load:cli Completed in 1ms
8 timing config:load:env Completed in 1ms
9 timing config:load:file:D:\Github\JiaqiZhang-Sengoku.github.io-main\.npmrc Completed in 0ms
10 timing config:load:project Completed in 2ms
11 timing config:load:file:C:\Users\Administrator\.npmrc Completed in 2ms
12 timing config:load:user Completed in 2ms
13 timing config:load:file:F:\Application\nodejs\etc\npmrc Completed in 0ms
14 timing config:load:global Completed in 1ms
15 timing config:load:setEnvs Completed in 1ms
16 timing config:load Completed in 11ms
17 timing npm:load:configload Completed in 11ms
18 timing config:load:flatten Completed in 2ms
19 timing npm:load:mkdirpcache Completed in 2ms
20 timing npm:load:mkdirplogs Completed in 1ms
21 verbose title npm exec sass@1.69.5 --load-path=_sass tmp/check.scss tmp/check.css
22 verbose argv "exec" "--yes" "--cache" "tmp/npm-cache" "--" "sass@1.69.5" "--load-path=_sass" "tmp/check.scss" "tmp/check.css"
23 timing npm:load:setTitle Completed in 2ms
24 timing npm:load:display Completed in 1ms
25 verbose logfile logs-max:10 dir:D:\Github\JiaqiZhang-Sengoku.github.io-main\tmp\npm-cache\_logs\2026-06-20T10_36_38_047Z-
26 verbose logfile D:\Github\JiaqiZhang-Sengoku.github.io-main\tmp\npm-cache\_logs\2026-06-20T10_36_38_047Z-debug-0.log
27 timing npm:load:logFile Completed in 19ms
28 timing npm:load:timers Completed in 0ms
29 timing npm:load:configScope Completed in 0ms
30 timing npm:load Completed in 64ms
31 silly logfile done cleaning log files
32 timing arborist:ctor Completed in 1ms
33 http fetch GET 200 https://repo.huaweicloud.com/repository/npm/sass 591ms (cache miss)
34 timing arborist:ctor Completed in 0ms
35 timing arborist:ctor Completed in 0ms
36 timing arborist:ctor Completed in 0ms
37 timing idealTree:init Completed in 2ms
38 timing idealTree:userRequests Completed in 1ms
39 silly idealTree buildDeps
40 silly fetch manifest sass@1.69.5
41 http fetch GET 200 https://repo.huaweicloud.com/repository/npm/sass 333ms (cache miss)
42 silly placeDep ROOT sass@1.69.5 OK for:  want: 1.69.5
43 silly fetch manifest chokidar@>=3.0.0 <4.0.0
44 silly fetch manifest immutable@^4.0.0
45 silly fetch manifest source-map-js@>=0.6.2 <2.0.0
46 http fetch GET 200 https://repo.huaweicloud.com/repository/npm/chokidar 290ms (cache miss)
47 http fetch GET 200 https://repo.huaweicloud.com/repository/npm/source-map-js 337ms (cache miss)
48 http fetch GET 200 https://repo.huaweicloud.com/repository/npm/immutable 623ms (cache miss)
49 timing idealTree:#root Completed in 989ms
50 silly placeDep ROOT chokidar@3.6.0 OK for: sass@1.69.5 want: >=3.0.0 <4.0.0
51 silly placeDep ROOT immutable@4.3.8 OK for: sass@1.69.5 want: ^4.0.0
52 silly placeDep ROOT source-map-js@1.2.1 OK for: sass@1.69.5 want: >=0.6.2 <2.0.0
53 silly fetch manifest braces@~3.0.2
54 silly fetch manifest is-glob@~4.0.1
55 silly fetch manifest anymatch@~3.1.2
56 silly fetch manifest readdirp@~3.6.0
57 silly fetch manifest glob-parent@~5.1.2
58 silly fetch manifest is-binary-path@~2.1.0
59 silly fetch manifest normalize-path@~3.0.0
60 silly fetch manifest fsevents@~2.3.2
61 http fetch GET 200 https://repo.huaweicloud.com/repository/npm/anymatch 221ms (cache miss)
62 http fetch GET 200 https://repo.huaweicloud.com/repository/npm/braces 326ms (cache miss)
63 http fetch GET 200 https://repo.huaweicloud.com/repository/npm/is-glob 329ms (cache miss)
64 http fetch GET 200 https://repo.huaweicloud.com/repository/npm/is-binary-path 455ms (cache miss)
65 http fetch GET 200 https://repo.huaweicloud.com/repository/npm/normalize-path 459ms (cache miss)
66 http fetch GET 200 https://repo.huaweicloud.com/repository/npm/readdirp 534ms (cache miss)
67 http fetch GET 200 https://repo.huaweicloud.com/repository/npm/fsevents 547ms (cache miss)
68 http fetch GET 200 https://repo.huaweicloud.com/repository/npm/glob-parent 569ms (cache miss)
69 timing idealTree:node_modules/sass Completed in 580ms
70 silly placeDep ROOT anymatch@3.1.3 OK for: chokidar@3.6.0 want: ~3.1.2
71 silly placeDep ROOT braces@3.0.3 OK for: chokidar@3.6.0 want: ~3.0.2
72 silly placeDep ROOT fsevents@2.3.3 OK for: chokidar@3.6.0 want: ~2.3.2
73 silly placeDep ROOT glob-parent@5.1.2 OK for: chokidar@3.6.0 want: ~5.1.2
74 silly placeDep ROOT is-binary-path@2.1.0 OK for: chokidar@3.6.0 want: ~2.1.0
75 silly placeDep ROOT is-glob@4.0.3 OK for: chokidar@3.6.0 want: ~4.0.1
76 silly placeDep ROOT normalize-path@3.0.0 OK for: chokidar@3.6.0 want: ~3.0.0
77 silly placeDep ROOT readdirp@3.6.0 OK for: chokidar@3.6.0 want: ~3.6.0
78 silly fetch manifest picomatch@^2.0.4
79 silly fetch manifest normalize-path@^3.0.0
80 silly fetch manifest fill-range@^7.1.1
81 silly fetch manifest is-glob@^4.0.1
82 silly fetch manifest binary-extensions@^2.0.0
83 silly fetch manifest is-extglob@^2.1.1
84 silly fetch manifest picomatch@^2.2.1
85 http fetch GET 200 https://repo.huaweicloud.com/repository/npm/is-extglob 152ms (cache miss)
86 http fetch GET 200 https://repo.huaweicloud.com/repository/npm/binary-extensions 160ms (cache miss)
87 http fetch GET 200 https://repo.huaweicloud.com/repository/npm/picomatch 203ms (cache miss)
88 http fetch GET 200 https://repo.huaweicloud.com/repository/npm/fill-range 241ms (cache miss)
89 http fetch GET 200 https://repo.huaweicloud.com/repository/npm/picomatch 285ms (cache miss)
90 timing idealTree:node_modules/chokidar Completed in 321ms
91 silly placeDep ROOT picomatch@2.3.2 OK for: anymatch@3.1.3 want: ^2.0.4
92 timing idealTree:node_modules/anymatch Completed in 7ms
93 silly placeDep ROOT fill-range@7.1.1 OK for: braces@3.0.3 want: ^7.1.1
94 silly fetch manifest to-regex-range@^5.0.1
95 http fetch GET 200 https://repo.huaweicloud.com/repository/npm/to-regex-range 177ms (cache miss)
96 timing idealTree:node_modules/braces Completed in 184ms
97 silly placeDep ROOT to-regex-range@5.0.1 OK for: fill-range@7.1.1 want: ^5.0.1
98 silly fetch manifest is-number@^7.0.0
99 http fetch GET 200 https://repo.huaweicloud.com/repository/npm/is-number 372ms (cache miss)
100 timing idealTree:node_modules/fill-range Completed in 377ms
101 timing idealTree:node_modules/fsevents Completed in 0ms
102 timing idealTree:node_modules/glob-parent Completed in 1ms
103 timing idealTree:node_modules/immutable Completed in 0ms
104 silly placeDep ROOT binary-extensions@2.3.0 OK for: is-binary-path@2.1.0 want: ^2.0.0
105 timing idealTree:node_modules/is-binary-path Completed in 2ms
106 timing idealTree:node_modules/binary-extensions Completed in 0ms
107 silly placeDep ROOT is-extglob@2.1.1 OK for: is-glob@4.0.3 want: ^2.1.1
108 timing idealTree:node_modules/is-glob Completed in 3ms
109 timing idealTree:node_modules/is-extglob Completed in 0ms
110 timing idealTree:node_modules/normalize-path Completed in 0ms
111 timing idealTree:node_modules/picomatch Completed in 0ms
112 timing idealTree:node_modules/readdirp Completed in 0ms
113 timing idealTree:node_modules/source-map-js Completed in 0ms
114 silly placeDep ROOT is-number@7.0.0 OK for: to-regex-range@5.0.1 want: ^7.0.0
115 timing idealTree:node_modules/to-regex-range Completed in 2ms
116 timing idealTree:node_modules/is-number Completed in 0ms
117 timing idealTree:buildDeps Completed in 2468ms
118 timing idealTree:fixDepFlags Completed in 1ms
119 timing idealTree Completed in 2476ms
120 timing reify:loadTrees Completed in 2478ms
121 timing reify:diffTrees Completed in 6ms
122 silly reify moves {}
123 timing reify:retireShallow Completed in 5ms
124 timing reify:createSparse Completed in 48ms
125 timing reify:loadBundles Completed in 0ms
126 silly audit bulk request {
126 silly audit   sass: [ '1.69.5' ],
126 silly audit   chokidar: [ '3.6.0' ],
126 silly audit   immutable: [ '4.3.8' ],
126 silly audit   'source-map-js': [ '1.2.1' ],
126 silly audit   anymatch: [ '3.1.3' ],
126 silly audit   braces: [ '3.0.3' ],
126 silly audit   fsevents: [ '2.3.3' ],
126 silly audit   'glob-parent': [ '5.1.2' ],
126 silly audit   'is-binary-path': [ '2.1.0' ],
126 silly audit   'is-glob': [ '4.0.3' ],
126 silly audit   'normalize-path': [ '3.0.0' ],
126 silly audit   readdirp: [ '3.6.0' ],
126 silly audit   picomatch: [ '2.3.2' ],
126 silly audit   'fill-range': [ '7.1.1' ],
126 silly audit   'to-regex-range': [ '5.0.1' ],
126 silly audit   'binary-extensions': [ '2.3.0' ],
126 silly audit   'is-extglob': [ '2.1.1' ],
126 silly audit   'is-number': [ '7.0.0' ]
126 silly audit }
127 verbose reify failed optional dependency D:\Github\JiaqiZhang-Sengoku.github.io-main\tmp\npm-cache\_npx\6fad6194dcda8d81\node_modules\fsevents
128 silly reify mark deleted [
128 silly reify   'D:\\Github\\JiaqiZhang-Sengoku.github.io-main\\tmp\\npm-cache\\_npx\\6fad6194dcda8d81\\node_modules\\fsevents'
128 silly reify ]
129 timing reifyNode:node_modules/fsevents Completed in 10ms
130 silly tarball no local data for is-number@https://repo.huaweicloud.com/repository/npm/is-number/-/is-number-7.0.0.tgz. Extracting by manifest.
131 silly tarball no local data for is-extglob@https://repo.huaweicloud.com/repository/npm/is-extglob/-/is-extglob-2.1.1.tgz. Extracting by manifest.
132 silly tarball no local data for binary-extensions@https://repo.huaweicloud.com/repository/npm/binary-extensions/-/binary-extensions-2.3.0.tgz. Extracting by manifest.
133 silly tarball no local data for picomatch@https://repo.huaweicloud.com/repository/npm/picomatch/-/picomatch-2.3.2.tgz. Extracting by manifest.
134 silly tarball no local data for fill-range@https://repo.huaweicloud.com/repository/npm/fill-range/-/fill-range-7.1.1.tgz. Extracting by manifest.
135 silly tarball no local data for to-regex-range@https://repo.huaweicloud.com/repository/npm/to-regex-range/-/to-regex-range-5.0.1.tgz. Extracting by manifest.
136 silly tarball no local data for normalize-path@https://repo.huaweicloud.com/repository/npm/normalize-path/-/normalize-path-3.0.0.tgz. Extracting by manifest.
137 silly tarball no local data for readdirp@https://repo.huaweicloud.com/repository/npm/readdirp/-/readdirp-3.6.0.tgz. Extracting by manifest.
138 silly tarball no local data for is-glob@https://repo.huaweicloud.com/repository/npm/is-glob/-/is-glob-4.0.3.tgz. Extracting by manifest.
139 silly tarball no local data for is-binary-path@https://repo.huaweicloud.com/repository/npm/is-binary-path/-/is-binary-path-2.1.0.tgz. Extracting by manifest.
140 silly tarball no local data for braces@https://repo.huaweicloud.com/repository/npm/braces/-/braces-3.0.3.tgz. Extracting by manifest.
141 silly tarball no local data for glob-parent@https://repo.huaweicloud.com/repository/npm/glob-parent/-/glob-parent-5.1.2.tgz. Extracting by manifest.
142 silly tarball no local data for anymatch@https://repo.huaweicloud.com/repository/npm/anymatch/-/anymatch-3.1.3.tgz. Extracting by manifest.
143 silly tarball no local data for source-map-js@https://repo.huaweicloud.com/repository/npm/source-map-js/-/source-map-js-1.2.1.tgz. Extracting by manifest.
144 silly tarball no local data for immutable@https://repo.huaweicloud.com/repository/npm/immutable/-/immutable-4.3.8.tgz. Extracting by manifest.
145 silly tarball no local data for chokidar@https://repo.huaweicloud.com/repository/npm/chokidar/-/chokidar-3.6.0.tgz. Extracting by manifest.
146 silly tarball no local data for sass@https://repo.huaweicloud.com/repository/npm/sass/-/sass-1.69.5.tgz. Extracting by manifest.
147 http fetch GET 200 https://repo.huaweicloud.com/repository/npm/binary-extensions/-/binary-extensions-2.3.0.tgz 203ms (cache miss)
148 http fetch GET 200 https://repo.huaweicloud.com/repository/npm/fill-range/-/fill-range-7.1.1.tgz 203ms (cache miss)
149 http fetch GET 200 https://repo.huaweicloud.com/repository/npm/to-regex-range/-/to-regex-range-5.0.1.tgz 204ms (cache miss)
150 timing reifyNode:node_modules/fill-range Completed in 232ms
151 http fetch GET 200 https://repo.huaweicloud.com/repository/npm/is-extglob/-/is-extglob-2.1.1.tgz 208ms (cache miss)
152 timing reifyNode:node_modules/is-extglob Completed in 234ms
153 timing reifyNode:node_modules/to-regex-range Completed in 233ms
154 http fetch GET 200 https://repo.huaweicloud.com/repository/npm/normalize-path/-/normalize-path-3.0.0.tgz 205ms (cache miss)
155 timing reifyNode:node_modules/normalize-path Completed in 233ms
156 http fetch GET 200 https://repo.huaweicloud.com/repository/npm/is-number/-/is-number-7.0.0.tgz 213ms (cache miss)
157 timing reifyNode:node_modules/is-number Completed in 236ms
158 timing reifyNode:node_modules/binary-extensions Completed in 238ms
159 http fetch GET 200 https://repo.huaweicloud.com/repository/npm/picomatch/-/picomatch-2.3.2.tgz 218ms (cache miss)
160 timing reifyNode:node_modules/picomatch Completed in 245ms
161 http fetch POST 405 https://repo.huaweicloud.com/repository/npm/-/npm/v1/security/advisories/bulk 275ms
162 silly audit bulk request failed [object Object]
163 http fetch GET 200 https://repo.huaweicloud.com/repository/npm/readdirp/-/readdirp-3.6.0.tgz 284ms (cache miss)
164 http fetch GET 200 https://repo.huaweicloud.com/repository/npm/is-glob/-/is-glob-4.0.3.tgz 284ms (cache miss)
165 timing reifyNode:node_modules/is-glob Completed in 313ms
166 timing reifyNode:node_modules/readdirp Completed in 315ms
167 http fetch GET 200 https://repo.huaweicloud.com/repository/npm/anymatch/-/anymatch-3.1.3.tgz 325ms (cache miss)
168 timing reifyNode:node_modules/anymatch Completed in 358ms
169 http fetch GET 200 https://repo.huaweicloud.com/repository/npm/glob-parent/-/glob-parent-5.1.2.tgz 337ms (cache miss)
170 timing reifyNode:node_modules/glob-parent Completed in 371ms
171 http fetch GET 200 https://repo.huaweicloud.com/repository/npm/chokidar/-/chokidar-3.6.0.tgz 359ms (cache miss)
172 timing reifyNode:node_modules/chokidar Completed in 391ms
173 http fetch GET 200 https://repo.huaweicloud.com/repository/npm/braces/-/braces-3.0.3.tgz 372ms (cache miss)
174 timing reifyNode:node_modules/braces Completed in 421ms
175 http fetch GET 200 https://repo.huaweicloud.com/repository/npm/is-binary-path/-/is-binary-path-2.1.0.tgz 429ms (cache miss)
176 timing reifyNode:node_modules/is-binary-path Completed in 460ms
177 http fetch GET 200 https://repo.huaweicloud.com/repository/npm/immutable/-/immutable-4.3.8.tgz 443ms (cache miss)
178 timing reifyNode:node_modules/immutable Completed in 476ms
179 http fetch GET 200 https://repo.huaweicloud.com/repository/npm/source-map-js/-/source-map-js-1.2.1.tgz 454ms (cache miss)
180 timing reifyNode:node_modules/source-map-js Completed in 486ms
181 http fetch POST 405 https://repo.huaweicloud.com/repository/npm/-/npm/v1/security/audits/quick 234ms
182 verbose audit error HttpErrorGeneral: 405 Method Not Allowed - POST https://repo.huaweicloud.com/repository/npm/-/npm/v1/security/audits/quick
182 verbose audit error     at F:\Application\nvm\v21.7.1\node_modules\npm\node_modules\npm-registry-fetch\lib\check-response.js:95:15
182 verbose audit error     at process.processTicksAndRejections (node:internal/process/task_queues:95:5)
182 verbose audit error     at async [getReport] (F:\Application\nvm\v21.7.1\node_modules\npm\node_modules\@npmcli\arborist\lib\audit-report.js:335:21)
182 verbose audit error     at async AuditReport.run (F:\Application\nvm\v21.7.1\node_modules\npm\node_modules\@npmcli\arborist\lib\audit-report.js:106:19) {
182 verbose audit error   headers: [Object: null prototype] {
182 verbose audit error     date: [ 'Sat, 20 Jun 2026 10:36:43 GMT' ],
182 verbose audit error     'content-type': [ 'application/json;charset=UTF-8' ],
182 verbose audit error     'transfer-encoding': [ 'chunked' ],
182 verbose audit error     connection: [ 'keep-alive' ],
182 verbose audit error     server: [ 'openresty' ],
182 verbose audit error     'set-cookie': [
182 verbose audit error       'HWWAFSESTIME=1781951800678; path=/',
182 verbose audit error       'HWWAFSESID=4edf13a6876a0309c63; path=/'
182 verbose audit error     ],
182 verbose audit error     'lubanops-gtrace-id': [ 'v-648609-1781951803713-2099234849' ],
182 verbose audit error     'lubanops-nenv-id': [ '269996' ],
182 verbose audit error     'x-ccdn-origin-time': [ '112' ],
182 verbose audit error     via: [
182 verbose audit error       'CHN-JSyangzhou-CT3-CACHE42[138],CHN-JSyangzhou-CT3-CACHE9[125,TCP_MISS,131],CHN-SH-GLOBAL4-CACHE18[117],CHN-SH-GLOBAL4-CACHE102[112,TCP_MISS,114]'
182 verbose audit error     ],
182 verbose audit error     'x-hcs-proxy-type': [ '0' ],
182 verbose audit error     'x-ccdn-cachettl': [ '600' ],
182 verbose audit error     'x-ccdn-attack-reported': [ '1' ],
182 verbose audit error     'x-fetch-attempts': [ '1' ]
182 verbose audit error   },
182 verbose audit error   statusCode: 405,
182 verbose audit error   code: 'E405',
182 verbose audit error   method: 'POST',
182 verbose audit error   uri: 'https://repo.huaweicloud.com/repository/npm/-/npm/v1/security/audits/quick',
182 verbose audit error   body: { errors: [ [Object] ] },
182 verbose audit error   pkgid: 'quick'
182 verbose audit error }
183 silly audit error [object Object]
184 timing auditReport:getReport Completed in 531ms
185 silly audit report null
186 timing reify:audit Completed in 531ms
187 http fetch GET 200 https://repo.huaweicloud.com/repository/npm/sass/-/sass-1.69.5.tgz 883ms (cache miss)
188 timing reifyNode:node_modules/sass Completed in 925ms
189 timing reify:unpack Completed in 929ms
190 timing reify:unretire Completed in 0ms
191 timing build:queue Completed in 3ms
192 timing build:link:node_modules/sass Completed in 9ms
193 timing build:link Completed in 9ms
194 timing build:run:install Completed in 0ms
195 timing build:deps Completed in 12ms
196 timing build Completed in 13ms
197 timing reify:build Completed in 13ms
198 timing reify:trash Completed in 1ms
199 timing reify:save Completed in 13ms
200 timing reify Completed in 3523ms
201 timing command:exec Completed in 6812ms
202 verbose exit 0
203 timing npm Completed in 7106ms
204 info ok
